Using pre-set license
Built from '2021.3/staging' branch; Version is '2021.3.33f1 (ee5a2aa03ab2) revision 15620650'; Using compiler version '192829333'; Build Type 'Release'
OS: 'Windows 11  (10.0.22631) 64bit Core' Language: 'en' Physical Memory: 7988 MB
BatchMode: 1, IsHumanControllingUs: 0, StartBugReporterOnCrash: 0, Is64bit: 1, IsPro: 1

COMMAND LINE ARGUMENTS:
C:\Program Files\Unity 2021.3.33f1\Editor\Unity.exe
-adb2
-batchMode
-noUpm
-name
AssetImportWorker2
-projectPath
C:/Users/shonn/Downloads/mod_chief/ChiefUnityProject
-logFile
Logs/AssetImportWorker2.log
-srvPort
52344
Successfully changed project path to: C:/Users/shonn/Downloads/mod_chief/ChiefUnityProject
C:/Users/shonn/Downloads/mod_chief/ChiefUnityProject
[UnityMemory] Configuration Parameters - Can be set up in boot.config
    "memorysetup-bucket-allocator-granularity=16"
    "memorysetup-bucket-allocator-bucket-count=8"
    "memorysetup-bucket-allocator-block-size=33554432"
    "memorysetup-bucket-allocator-block-count=8"
    "memorysetup-main-allocator-block-size=16777216"
    "memorysetup-thread-allocator-block-size=16777216"
    "memorysetup-gfx-main-allocator-block-size=16777216"
    "memorysetup-gfx-thread-allocator-block-size=16777216"
    "memorysetup-cache-allocator-block-size=4194304"
    "memorysetup-typetree-allocator-block-size=2097152"
    "memorysetup-profiler-bucket-allocator-granularity=16"
    "memorysetup-profiler-bucket-allocator-bucket-count=8"
    "memorysetup-profiler-bucket-allocator-block-size=33554432"
    "memorysetup-profiler-bucket-allocator-block-count=8"
    "memorysetup-profiler-allocator-block-size=16777216"
    "memorysetup-profiler-editor-allocator-block-size=1048576"
    "memorysetup-temp-allocator-size-main=16777216"
    "memorysetup-job-temp-allocator-block-size=2097152"
    "memorysetup-job-temp-allocator-block-size-background=1048576"
    "memorysetup-job-temp-allocator-reduction-small-platforms=262144"
    "memorysetup-temp-allocator-size-background-worker=32768"
    "memorysetup-temp-allocator-size-job-worker=262144"
    "memorysetup-temp-allocator-size-preload-manager=33554432"
    "memorysetup-temp-allocator-size-nav-mesh-worker=65536"
    "memorysetup-temp-allocator-size-audio-worker=65536"
    "memorysetup-temp-allocator-size-cloud-worker=32768"
    "memorysetup-temp-allocator-size-gi-baking-worker=262144"
    "memorysetup-temp-allocator-size-gfx=262144"
Player connection [25096] Host "[IP] 192.168.1.159 [Port] 0 [Flags] 2 [Guid] 816887858 [EditorId] 816887858 [Version] 1048832 [Id] WindowsEditor(7,DESKTOP-H5INV94) [Debug] 1 [PackageName] WindowsEditor [ProjectName] Editor" joined multi-casting on [225.0.0.222:54997]...

Player connection [25096] Host "[IP] 192.168.1.159 [Port] 0 [Flags] 2 [Guid] 816887858 [EditorId] 816887858 [Version] 1048832 [Id] WindowsEditor(7,DESKTOP-H5INV94) [Debug] 1 [PackageName] WindowsEditor [ProjectName] Editor" joined alternative multi-casting on [225.0.0.222:34997]...

[Physics::Module] Initialized MultithreadedJobDispatcher with {0} workers.
Refreshing native plugins compatible for Editor in 169.33 ms, found 4 plugins.
Preloading 0 native plugins for Editor in 0.00 ms.
Initialize engine version: 2021.3.33f1 (ee5a2aa03ab2)
[Subsystems] Discovering subsystems at path C:/Program Files/Unity 2021.3.33f1/Editor/Data/Resources/UnitySubsystems
[Subsystems] Discovering subsystems at path C:/Users/shonn/Downloads/mod_chief/ChiefUnityProject/Assets
GfxDevice: creating device client; threaded=0; jobified=0
Direct3D:
    Version:  Direct3D 11.0 [level 11.1]
    Renderer: Intel(R) UHD Graphics (ID=0x9b41)
    Vendor:   Intel
    VRAM:     3994 MB
    Driver:   27.20.100.8729
Initialize mono
Mono path[0] = 'C:/Program Files/Unity 2021.3.33f1/Editor/Data/Managed'
Mono path[1] = 'C:/Program Files/Unity 2021.3.33f1/Editor/Data/MonoBleedingEdge/lib/mono/unityjit-win32'
Mono config path = 'C:/Program Files/Unity 2021.3.33f1/Editor/Data/MonoBleedingEdge/etc'
Using monoOptions --debugger-agent=transport=dt_socket,embedding=1,server=y,suspend=n,address=127.0.0.1:56040
Begin MonoManager ReloadAssembly
Registering precompiled unity dll's ...
Register platform support module: C:/Program Files/Unity 2021.3.33f1/Editor/Data/PlaybackEngines/WindowsStandaloneSupport/UnityEditor.WindowsStandalone.Extensions.dll
Registered in 0.008331 seconds.
Native extension for WindowsStandalone target not found
Refreshing native plugins compatible for Editor in 117.13 ms, found 4 plugins.
Preloading 0 native plugins for Editor in 0.00 ms.
Mono: successfully reloaded assembly
- Completed reload, in  1.095 seconds
Domain Reload Profiling:
	ReloadAssembly (1095ms)
		BeginReloadAssembly (157ms)
			ExecutionOrderSort (0ms)
			DisableScriptedObjects (0ms)
			BackupInstance (0ms)
			ReleaseScriptingObjects (0ms)
			CreateAndSetChildDomain (1ms)
		EndReloadAssembly (800ms)
			LoadAssemblies (154ms)
			RebuildTransferFunctionScriptingTraits (0ms)
			SetupTypeCache (197ms)
			ReleaseScriptCaches (0ms)
			RebuildScriptCaches (62ms)
			SetupLoadedEditorAssemblies (472ms)
				LogAssemblyErrors (0ms)
				InitializePlatformSupportModulesInManaged (13ms)
				SetLoadedEditorAssemblies (0ms)
				RefreshPlugins (117ms)
				BeforeProcessingInitializeOnLoad (1ms)
				ProcessInitializeOnLoadAttributes (247ms)
				ProcessInitializeOnLoadMethodAttributes (93ms)
				AfterProcessingInitializeOnLoad (0ms)
				EditorAssembliesLoaded (0ms)
			ExecutionOrderSort2 (0ms)
			AwakeInstancesAfterBackupRestoration (0ms)
Platform modules already initialized, skipping
Registering precompiled user dll's ...
Registered in 0.010980 seconds.
Begin MonoManager ReloadAssembly
Native extension for WindowsStandalone target not found
Refreshing native plugins compatible for Editor in 1.48 ms, found 4 plugins.
Preloading 0 native plugins for Editor in 0.00 ms.
Package Manager log level set to [2]
[Package Manager] Server::EnsureServerProcessIsRunning -- launch failed, reason: Unity was launched with the -noUpm command-line argument
[Package Manager] Cannot connect to Unity Package Manager local server
Mono: successfully reloaded assembly
- Completed reload, in  2.204 seconds
Domain Reload Profiling:
	ReloadAssembly (2206ms)
		BeginReloadAssembly (202ms)
			ExecutionOrderSort (0ms)
			DisableScriptedObjects (12ms)
			BackupInstance (0ms)
			ReleaseScriptingObjects (0ms)
			CreateAndSetChildDomain (28ms)
		EndReloadAssembly (1838ms)
			LoadAssemblies (151ms)
			RebuildTransferFunctionScriptingTraits (0ms)
			SetupTypeCache (457ms)
			ReleaseScriptCaches (1ms)
			RebuildScriptCaches (115ms)
			SetupLoadedEditorAssemblies (1072ms)
				LogAssemblyErrors (0ms)
				InitializePlatformSupportModulesInManaged (8ms)
				SetLoadedEditorAssemblies (3ms)
				RefreshPlugins (2ms)
				BeforeProcessingInitializeOnLoad (155ms)
				ProcessInitializeOnLoadAttributes (859ms)
				ProcessInitializeOnLoadMethodAttributes (33ms)
				AfterProcessingInitializeOnLoad (13ms)
				EditorAssembliesLoaded (0ms)
			ExecutionOrderSort2 (0ms)
			AwakeInstancesAfterBackupRestoration (10ms)
Platform modules already initialized, skipping
========================================================================
Worker process is ready to serve import requests
Launched and connected shader compiler UnityShaderCompiler.exe after 0.13 seconds
Refreshing native plugins compatible for Editor in 1.22 ms, found 4 plugins.
Preloading 0 native plugins for Editor in 0.00 ms.
Unloading 3574 Unused Serialized files (Serialized files now loaded: 0)
Unloading 25 unused Assets / (20.4 KB). Loaded Objects now: 4052.
Memory consumption went from 138.5 MB to 138.5 MB.
Total: 23.324800 ms (FindLiveObjects: 0.492300 ms CreateObjectMapping: 0.512000 ms MarkObjects: 22.253100 ms  DeleteObjects: 0.064900 ms)

AssetImportParameters requested are different than current active one (requested -> active):
  custom:video-decoder-ogg-theora: a1e56fd34408186e4bbccfd4996cb3dc -> 
  custom:container-muxer-webm: aa71ff27fc2769a1b78a27578f13a17b -> 
  custom:container-demuxer-webm: 4f35f7cbe854078d1ac9338744f61a02 -> 
  custom:video-encoder-webm-vp8: eb34c28f22e8b96e1ab97ce403110664 -> 
  custom:video-codec-MediaFoundation-h265: 746d11721c4dcdbdad8f713fa42b33f4 -> 
  custom:CustomObjectIndexerAttribute: bc11b3a6c3213fcdd17b65e7da85e133 -> 
  custom:audio-encoder-webm-vorbis: bf7c407c2cedff20999df2af8eb42d56 -> 
  custom:framework-win-MediaFoundation: 216162199b28c13a410421893ffa2e32 -> 
  custom:SearchIndexIgnoredProperties: e643bd26f0fe6173181afceb89e7c659 -> 
  custom:container-demuxer-ogg: 62fdf1f143b41e24485cea50d1cbac27 -> 
  custom:video-decoder-webm-vp8: 9c59270c3fd7afecdb556c50c9e8de78 -> 
  custom:audio-decoder-ogg-vorbis: bf7c407c2cedff20999df2af8eb42d56 -> 
========================================================================
Received Import Request.
  Time since last request: 38647.348646 seconds.
  path: Assets/Hunk/Weapons/mdlFlashlightPickup.prefab
  artifactKey: Guid(2a80e48c722c8684aa36edf7f77f6954) Importer(815301076,1909f56bfc062723c751e8b465ee728b)
Number of updated assets reloaded before import = 0
Start importing Assets/Hunk/Weapons/mdlFlashlightPickup.prefab using Guid(2a80e48c722c8684aa36edf7f77f6954) Importer(815301076,1909f56bfc062723c751e8b465ee728b)  -> (artifact id: 'f0976b7539feeede004a4593df78ba17') in 0.995474 seconds 
Number of asset objects unloaded after import = 738
========================================================================
Received Import Request.
  Time since last request: 0.000043 seconds.
  path: Assets/Hunk/Weapons/mdlMUP.prefab
  artifactKey: Guid(394f78cd41b6b9947a5146fb6dcec6e7) Importer(815301076,1909f56bfc062723c751e8b465ee728b)
Number of updated assets reloaded before import = 0
Start importing Assets/Hunk/Weapons/mdlMUP.prefab using Guid(394f78cd41b6b9947a5146fb6dcec6e7) Importer(815301076,1909f56bfc062723c751e8b465ee728b)  -> (artifact id: '33ae60519de000f35b7928f695713b43') in 0.151896 seconds 
Number of asset objects unloaded after import = 269
========================================================================
Received Import Request.
  Time since last request: 0.000060 seconds.
  path: Assets/Hunk/Weapons/mdlM19.prefab
  artifactKey: Guid(56011e5a61969a5418edb87370e5a65d) Importer(815301076,1909f56bfc062723c751e8b465ee728b)
Number of updated assets reloaded before import = 0
Start importing Assets/Hunk/Weapons/mdlM19.prefab using Guid(56011e5a61969a5418edb87370e5a65d) Importer(815301076,1909f56bfc062723c751e8b465ee728b)  -> (artifact id: 'b431cf0926f09ae54b83061418fcb0e2') in 0.052367 seconds 
Number of asset objects unloaded after import = 24
========================================================================
Received Import Request.
  Time since last request: 0.000040 seconds.
  path: Assets/Hunk/Weapons/mdlMagnum.prefab
  artifactKey: Guid(578d384c456cfbb4f9a6ba8328ad6978) Importer(815301076,1909f56bfc062723c751e8b465ee728b)
Number of updated assets reloaded before import = 0
Start importing Assets/Hunk/Weapons/mdlMagnum.prefab using Guid(578d384c456cfbb4f9a6ba8328ad6978) Importer(815301076,1909f56bfc062723c751e8b465ee728b)  -> (artifact id: '07c3fbe624f7466bbda586d6cf574d3a') in 0.090799 seconds 
Number of asset objects unloaded after import = 29
========================================================================
Received Import Request.
  Time since last request: 0.000091 seconds.
  path: Assets/Hunk/Weapons/mdlRocketLauncherPickup.prefab
  artifactKey: Guid(9d4b8e1ec52f2554695bde8098dd95ca) Importer(815301076,1909f56bfc062723c751e8b465ee728b)
Number of updated assets reloaded before import = 0
Start importing Assets/Hunk/Weapons/mdlRocketLauncherPickup.prefab using Guid(9d4b8e1ec52f2554695bde8098dd95ca) Importer(815301076,1909f56bfc062723c751e8b465ee728b)  -> (artifact id: '6c97346d8255af221a2377ff1f1d8421') in 0.046536 seconds 
Number of asset objects unloaded after import = 65
========================================================================
Received Import Request.
  Time since last request: 0.000028 seconds.
  path: Assets/Hunk/Weapons/mdlMagnumPickup.prefab
  artifactKey: Guid(3718ba3f7a5232b4a90ac51d6c749039) Importer(815301076,1909f56bfc062723c751e8b465ee728b)
Number of updated assets reloaded before import = 0
Start importing Assets/Hunk/Weapons/mdlMagnumPickup.prefab using Guid(3718ba3f7a5232b4a90ac51d6c749039) Importer(815301076,1909f56bfc062723c751e8b465ee728b)  -> (artifact id: '1599a2b9f4fbc0c321c4914ba4ca4529') in 0.059793 seconds 
Number of asset objects unloaded after import = 46
========================================================================
Received Import Request.
  Time since last request: 0.000362 seconds.
  path: Assets/Hunk/Weapons/mdlAssaultRiflePickup.prefab
  artifactKey: Guid(9c596d7b05b46944991f976c732d67c2) Importer(815301076,1909f56bfc062723c751e8b465ee728b)
Number of updated assets reloaded before import = 0
Start importing Assets/Hunk/Weapons/mdlAssaultRiflePickup.prefab using Guid(9c596d7b05b46944991f976c732d67c2) Importer(815301076,1909f56bfc062723c751e8b465ee728b)  -> (artifact id: '2752b9f20f5a335733cadc19bcb83eab') in 0.052724 seconds 
Number of asset objects unloaded after import = 71
========================================================================
Received Import Request.
  Time since last request: 0.001054 seconds.
  path: Assets/Hunk/Weapons/mdlBroomHCPickup.prefab
  artifactKey: Guid(760616f6c6347af46942881b1781a954) Importer(815301076,1909f56bfc062723c751e8b465ee728b)
Number of updated assets reloaded before import = 0
Start importing Assets/Hunk/Weapons/mdlBroomHCPickup.prefab using Guid(760616f6c6347af46942881b1781a954) Importer(815301076,1909f56bfc062723c751e8b465ee728b)  -> (artifact id: '9fca4d4a726befd6b4735334aec94c6a') in 0.051509 seconds 
Number of asset objects unloaded after import = 20
========================================================================
Received Import Request.
  Time since last request: 0.000037 seconds.
  path: Assets/Hunk/Weapons/mdlRailgun.prefab
  artifactKey: Guid(bf58c1cb69a6c79448d53b85705ec9a0) Importer(815301076,1909f56bfc062723c751e8b465ee728b)
Number of updated assets reloaded before import = 0
Start importing Assets/Hunk/Weapons/mdlRailgun.prefab using Guid(bf58c1cb69a6c79448d53b85705ec9a0) Importer(815301076,1909f56bfc062723c751e8b465ee728b)  -> (artifact id: '0191bf3b015414625961d1ee182c099b') in 0.268877 seconds 
Number of asset objects unloaded after import = 96
========================================================================
Received Import Request.
  Time since last request: 15.202577 seconds.
  path: Assets/Hunk/Weapons/mdlSMGPickup.prefab
  artifactKey: Guid(0bfd7c40475b96e4db7d9106f5367f38) Importer(815301076,1909f56bfc062723c751e8b465ee728b)
Number of updated assets reloaded before import = 0
Start importing Assets/Hunk/Weapons/mdlSMGPickup.prefab using Guid(0bfd7c40475b96e4db7d9106f5367f38) Importer(815301076,1909f56bfc062723c751e8b465ee728b)  -> (artifact id: 'bad2d1bb82da851d3ae2c6aa52df7bfb') in 0.041554 seconds 
Number of asset objects unloaded after import = 89
========================================================================
Received Import Request.
  Time since last request: 5930.121378 seconds.
  path: Assets/Hunk/Weapons
  artifactKey: Guid(d8f5cea3738f6514580aff1f1ee7a460) Importer(815301076,1909f56bfc062723c751e8b465ee728b)
Number of updated assets reloaded before import = 0
Start importing Assets/Hunk/Weapons using Guid(d8f5cea3738f6514580aff1f1ee7a460) Importer(815301076,1909f56bfc062723c751e8b465ee728b)  -> (artifact id: 'a0f41005245a47b1f277023188c53514') in 0.036522 seconds 
Number of asset objects unloaded after import = 0
========================================================================
Received Import Request.
  Time since last request: 5548.000188 seconds.
  path: Assets/Chief/FBX/HaloHunk_SMG.fbx
  artifactKey: Guid(1c0344645c92c9e47b775f3e492c8c30) Importer(815301076,1909f56bfc062723c751e8b465ee728b)
Number of updated assets reloaded before import = 0
Start importing Assets/Chief/FBX/HaloHunk_SMG.fbx using Guid(1c0344645c92c9e47b775f3e492c8c30) Importer(815301076,1909f56bfc062723c751e8b465ee728b)  -> (artifact id: '3fd1c3081aec53cf5a258f0d838ef6ac') in 0.784586 seconds 
Number of asset objects unloaded after import = 62
========================================================================
Received Import Request.
  Time since last request: 9.335751 seconds.
  path: Assets/Chief/FBX/Weapons
  artifactKey: Guid(eee60dd6cff7ea647bc9edd6745f0cb9) Importer(815301076,1909f56bfc062723c751e8b465ee728b)
Number of updated assets reloaded before import = 0
Start importing Assets/Chief/FBX/Weapons using Guid(eee60dd6cff7ea647bc9edd6745f0cb9) Importer(815301076,1909f56bfc062723c751e8b465ee728b)  -> (artifact id: '8be610bd3c5ee57e69faeca834611a77') in 0.003539 seconds 
Number of asset objects unloaded after import = 0
========================================================================
Received Import Request.
  Time since last request: 70.696704 seconds.
  path: Assets/Chief/FBX/UNSC Shotgun.fbx
  artifactKey: Guid(beeb7024da64a834587de2f2c741a6f0) Importer(815301076,1909f56bfc062723c751e8b465ee728b)
Number of updated assets reloaded before import = 0
Start importing Assets/Chief/FBX/UNSC Shotgun.fbx using Guid(beeb7024da64a834587de2f2c741a6f0) Importer(815301076,1909f56bfc062723c751e8b465ee728b)  -> (artifact id: 'e525e5a31c58612c94879466030dabd4') in 0.400613 seconds 
Number of asset objects unloaded after import = 38
========================================================================
Received Import Request.
  Time since last request: 308.826816 seconds.
  path: Assets/Chief/FBX/UNSC Shotgun.fbx
  artifactKey: Guid(beeb7024da64a834587de2f2c741a6f0) Importer(815301076,1909f56bfc062723c751e8b465ee728b)
Number of updated assets reloaded before import = 0
Start importing Assets/Chief/FBX/UNSC Shotgun.fbx using Guid(beeb7024da64a834587de2f2c741a6f0) Importer(815301076,1909f56bfc062723c751e8b465ee728b)  -> (artifact id: 'd8072fd066d1957f3232f5401255299f') in 0.157617 seconds 
Number of asset objects unloaded after import = 41
========================================================================
Received Import Request.
  Time since last request: 796.318305 seconds.
  path: Assets/Chief/FBX/UNSC Shotgun Variant.prefab
  artifactKey: Guid(7b88ddf90235cd84fbb271c5b91b4eef) Importer(815301076,1909f56bfc062723c751e8b465ee728b)
Number of updated assets reloaded before import = 0
Start importing Assets/Chief/FBX/UNSC Shotgun Variant.prefab using Guid(7b88ddf90235cd84fbb271c5b91b4eef) Importer(815301076,1909f56bfc062723c751e8b465ee728b)  -> (artifact id: '9034b068d40c186744d304966fe43d15') in 0.140937 seconds 
Number of asset objects unloaded after import = 67
========================================================================
Received Import Request.
  Time since last request: 102.703925 seconds.
  path: Assets/Chief/Weapons/UNSC Shotgun Variant.prefab
  artifactKey: Guid(7b88ddf90235cd84fbb271c5b91b4eef) Importer(815301076,1909f56bfc062723c751e8b465ee728b)
Number of updated assets reloaded before import = 0
Start importing Assets/Chief/Weapons/UNSC Shotgun Variant.prefab using Guid(7b88ddf90235cd84fbb271c5b91b4eef) Importer(815301076,1909f56bfc062723c751e8b465ee728b)  -> (artifact id: '393aa8cda5be27859837e722ed8e1346') in 0.047559 seconds 
Number of asset objects unloaded after import = 67
========================================================================
Received Import Request.
  Time since last request: 5.166089 seconds.
  path: Assets/Chief/Weapons/UNSC Shotgun Variant.prefab
  artifactKey: Guid(7b88ddf90235cd84fbb271c5b91b4eef) Importer(815301076,1909f56bfc062723c751e8b465ee728b)
Number of updated assets reloaded before import = 0
Start importing Assets/Chief/Weapons/UNSC Shotgun Variant.prefab using Guid(7b88ddf90235cd84fbb271c5b91b4eef) Importer(815301076,1909f56bfc062723c751e8b465ee728b)  -> (artifact id: '5ba08f5d4b3a75cf6a4b8379bec8f0a9') in 0.045696 seconds 
Number of asset objects unloaded after import = 67
========================================================================
Received Import Request.
  Time since last request: 47.763909 seconds.
  path: Assets/Chief/Weapons/UNSC Shotgun Variant.prefab
  artifactKey: Guid(7b88ddf90235cd84fbb271c5b91b4eef) Importer(815301076,1909f56bfc062723c751e8b465ee728b)
Number of updated assets reloaded before import = 0
Start importing Assets/Chief/Weapons/UNSC Shotgun Variant.prefab using Guid(7b88ddf90235cd84fbb271c5b91b4eef) Importer(815301076,1909f56bfc062723c751e8b465ee728b)  -> (artifact id: 'fa5e88a59314bb01b2d82a4b9e7873e0') in 0.036039 seconds 
Number of asset objects unloaded after import = 41
========================================================================
Received Import Request.
  Time since last request: 2211.834445 seconds.
  path: Assets/Chief/Weapons/UNSC Shotgun Variant.prefab
  artifactKey: Guid(7b88ddf90235cd84fbb271c5b91b4eef) Importer(815301076,1909f56bfc062723c751e8b465ee728b)
Number of updated assets reloaded before import = 0
Start importing Assets/Chief/Weapons/UNSC Shotgun Variant.prefab using Guid(7b88ddf90235cd84fbb271c5b91b4eef) Importer(815301076,1909f56bfc062723c751e8b465ee728b)  -> (artifact id: 'aeb7b2b39efb552f51d7b85f45ceb092') in 0.112736 seconds 
Number of asset objects unloaded after import = 41
========================================================================
Received Import Request.
  Time since last request: 92.285884 seconds.
  path: Assets/Chief/Weapons/UNSC Shotgun Variant.prefab
  artifactKey: Guid(7b88ddf90235cd84fbb271c5b91b4eef) Importer(815301076,1909f56bfc062723c751e8b465ee728b)
Number of updated assets reloaded before import = 0
Start importing Assets/Chief/Weapons/UNSC Shotgun Variant.prefab using Guid(7b88ddf90235cd84fbb271c5b91b4eef) Importer(815301076,1909f56bfc062723c751e8b465ee728b)  -> (artifact id: '0bee9c364d525b92a0c62dd946693fda') in 0.032815 seconds 
Number of asset objects unloaded after import = 41
========================================================================
Received Import Request.
  Time since last request: 123.061739 seconds.
  path: Assets/Chief/Weapons/UNSC Shotgun Variant.prefab
  artifactKey: Guid(7b88ddf90235cd84fbb271c5b91b4eef) Importer(815301076,1909f56bfc062723c751e8b465ee728b)
Number of updated assets reloaded before import = 0
Start importing Assets/Chief/Weapons/UNSC Shotgun Variant.prefab using Guid(7b88ddf90235cd84fbb271c5b91b4eef) Importer(815301076,1909f56bfc062723c751e8b465ee728b)  -> (artifact id: '1b8626f9b431f5cd479c1393527fee34') in 0.032431 seconds 
Number of asset objects unloaded after import = 41
========================================================================
Received Import Request.
  Time since last request: 603.481473 seconds.
  path: Assets/Hunk/Animations/maskHunkAimPitch.mask
  artifactKey: Guid(2e6c3cc706e68704ebb932a04dca0b48) Importer(815301076,1909f56bfc062723c751e8b465ee728b)
Number of updated assets reloaded before import = 0
Start importing Assets/Hunk/Animations/maskHunkAimPitch.mask using Guid(2e6c3cc706e68704ebb932a04dca0b48) Importer(815301076,1909f56bfc062723c751e8b465ee728b)  -> (artifact id: '154ea1fb199b208a2d7c272c9e086bb2') in 0.030276 seconds 
Number of asset objects unloaded after import = 1
========================================================================
Received Import Request.
  Time since last request: 0.438026 seconds.
  path: Assets/Hunk/Animations/maskHunkGesture.mask
  artifactKey: Guid(5063dc8007dafa3448326ade24a86620) Importer(815301076,1909f56bfc062723c751e8b465ee728b)
Number of updated assets reloaded before import = 0
Start importing Assets/Hunk/Animations/maskHunkGesture.mask using Guid(5063dc8007dafa3448326ade24a86620) Importer(815301076,1909f56bfc062723c751e8b465ee728b)  -> (artifact id: 'd342c1745b6dcee1b925c7ebba74f2ff') in 0.006699 seconds 
Number of asset objects unloaded after import = 1
Editor requested this worker to shutdown with reason: Scaling down because of idle timeout
AssetImportWorker is now disconnected from the server
Process exiting
Exiting without the bug reporter. Application will terminate with return code 0