Using pre-set license
Built from '2021.3/staging' branch; Version is '2021.3.33f1 (ee5a2aa03ab2) revision 15620650'; Using compiler version '192829333'; Build Type 'Release'
OS: 'Windows 11  (10.0.26100) 64bit Professional' Language: 'en' Physical Memory: 16334 MB
BatchMode: 1, IsHumanControllingUs: 0, StartBugReporterOnCrash: 0, Is64bit: 1, IsPro: 1

COMMAND LINE ARGUMENTS:
C:\Program Files\Unity\Hub\Editor\2021.3.33f1\Editor\Unity.exe
-adb2
-batchMode
-noUpm
-name
AssetImportWorker0
-projectPath
C:/Users/golde/Documents/GitHub/_COLLAB/Chief/ChiefUnityProject
-logFile
Logs/AssetImportWorker0.log
-srvPort
60775
Successfully changed project path to: C:/Users/golde/Documents/GitHub/_COLLAB/Chief/ChiefUnityProject
C:/Users/golde/Documents/GitHub/_COLLAB/Chief/ChiefUnityProject
[UnityMemory] Configuration Parameters - Can be set up in boot.config
    "memorysetup-bucket-allocator-granularity=16"
    "memorysetup-bucket-allocator-bucket-count=8"
    "memorysetup-bucket-allocator-block-size=33554432"
    "memorysetup-bucket-allocator-block-count=8"
    "memorysetup-main-allocator-block-size=16777216"
    "memorysetup-thread-allocator-block-size=16777216"
    "memorysetup-gfx-main-allocator-block-size=16777216"
    "memorysetup-gfx-thread-allocator-block-size=16777216"
    "memorysetup-cache-allocator-block-size=4194304"
    "memorysetup-typetree-allocator-block-size=2097152"
    "memorysetup-profiler-bucket-allocator-granularity=16"
    "memorysetup-profiler-bucket-allocator-bucket-count=8"
    "memorysetup-profiler-bucket-allocator-block-size=33554432"
    "memorysetup-profiler-bucket-allocator-block-count=8"
    "memorysetup-profiler-allocator-block-size=16777216"
    "memorysetup-profiler-editor-allocator-block-size=1048576"
    "memorysetup-temp-allocator-size-main=16777216"
    "memorysetup-job-temp-allocator-block-size=2097152"
    "memorysetup-job-temp-allocator-block-size-background=1048576"
    "memorysetup-job-temp-allocator-reduction-small-platforms=262144"
    "memorysetup-temp-allocator-size-background-worker=32768"
    "memorysetup-temp-allocator-size-job-worker=262144"
    "memorysetup-temp-allocator-size-preload-manager=33554432"
    "memorysetup-temp-allocator-size-nav-mesh-worker=65536"
    "memorysetup-temp-allocator-size-audio-worker=65536"
    "memorysetup-temp-allocator-size-cloud-worker=32768"
    "memorysetup-temp-allocator-size-gi-baking-worker=262144"
    "memorysetup-temp-allocator-size-gfx=262144"
Player connection [28388] Host "[IP] 10.0.0.94 [Port] 0 [Flags] 2 [Guid] 604053722 [EditorId] 604053722 [Version] 1048832 [Id] WindowsEditor(7,DESKTOP-AQEK2EM) [Debug] 1 [PackageName] WindowsEditor [ProjectName] Editor" joined multi-casting on [225.0.0.222:54997]...

Player connection [28388] Host "[IP] 10.0.0.94 [Port] 0 [Flags] 2 [Guid] 604053722 [EditorId] 604053722 [Version] 1048832 [Id] WindowsEditor(7,DESKTOP-AQEK2EM) [Debug] 1 [PackageName] WindowsEditor [ProjectName] Editor" joined alternative multi-casting on [225.0.0.222:34997]...

[Physics::Module] Initialized MultithreadedJobDispatcher with {0} workers.
Refreshing native plugins compatible for Editor in 156.83 ms, found 4 plugins.
Preloading 0 native plugins for Editor in 0.00 ms.
Initialize engine version: 2021.3.33f1 (ee5a2aa03ab2)
[Subsystems] Discovering subsystems at path C:/Program Files/Unity/Hub/Editor/2021.3.33f1/Editor/Data/Resources/UnitySubsystems
[Subsystems] Discovering subsystems at path C:/Users/golde/Documents/GitHub/_COLLAB/Chief/ChiefUnityProject/Assets
GfxDevice: creating device client; threaded=0; jobified=0
Direct3D:
    Version:  Direct3D 11.0 [level 11.1]
    Renderer: NVIDIA GeForce RTX 3060 Ti (ID=0x2489)
    Vendor:   NVIDIA
    VRAM:     8024 MB
    Driver:   32.0.15.6636
Initialize mono
Mono path[0] = 'C:/Program Files/Unity/Hub/Editor/2021.3.33f1/Editor/Data/Managed'
Mono path[1] = 'C:/Program Files/Unity/Hub/Editor/2021.3.33f1/Editor/Data/MonoBleedingEdge/lib/mono/unityjit-win32'
Mono config path = 'C:/Program Files/Unity/Hub/Editor/2021.3.33f1/Editor/Data/MonoBleedingEdge/etc'
Using monoOptions --debugger-agent=transport=dt_socket,embedding=1,server=y,suspend=n,address=127.0.0.1:56016
Begin MonoManager ReloadAssembly
Registering precompiled unity dll's ...
Register platform support module: C:/Program Files/Unity/Hub/Editor/2021.3.33f1/Editor/Data/PlaybackEngines/WindowsStandaloneSupport/UnityEditor.WindowsStandalone.Extensions.dll
Registered in 0.008934 seconds.
Native extension for WindowsStandalone target not found
Refreshing native plugins compatible for Editor in 106.35 ms, found 4 plugins.
Preloading 0 native plugins for Editor in 0.00 ms.
Mono: successfully reloaded assembly
- Completed reload, in  1.011 seconds
Domain Reload Profiling:
	ReloadAssembly (1012ms)
		BeginReloadAssembly (181ms)
			ExecutionOrderSort (0ms)
			DisableScriptedObjects (0ms)
			BackupInstance (0ms)
			ReleaseScriptingObjects (0ms)
			CreateAndSetChildDomain (1ms)
		EndReloadAssembly (652ms)
			LoadAssemblies (176ms)
			RebuildTransferFunctionScriptingTraits (0ms)
			SetupTypeCache (154ms)
			ReleaseScriptCaches (0ms)
			RebuildScriptCaches (42ms)
			SetupLoadedEditorAssemblies (397ms)
				LogAssemblyErrors (0ms)
				InitializePlatformSupportModulesInManaged (12ms)
				SetLoadedEditorAssemblies (0ms)
				RefreshPlugins (107ms)
				BeforeProcessingInitializeOnLoad (2ms)
				ProcessInitializeOnLoadAttributes (207ms)
				ProcessInitializeOnLoadMethodAttributes (69ms)
				AfterProcessingInitializeOnLoad (0ms)
				EditorAssembliesLoaded (0ms)
			ExecutionOrderSort2 (0ms)
			AwakeInstancesAfterBackupRestoration (0ms)
Platform modules already initialized, skipping
Registering precompiled user dll's ...
Registered in 0.009103 seconds.
Begin MonoManager ReloadAssembly
Native extension for WindowsStandalone target not found
Refreshing native plugins compatible for Editor in 1.12 ms, found 4 plugins.
Preloading 0 native plugins for Editor in 0.00 ms.
Package Manager log level set to [2]
[Package Manager] Server::EnsureServerProcessIsRunning -- launch failed, reason: Unity was launched with the -noUpm command-line argument
[Package Manager] Cannot connect to Unity Package Manager local server
Mono: successfully reloaded assembly
- Completed reload, in  1.938 seconds
Domain Reload Profiling:
	ReloadAssembly (1939ms)
		BeginReloadAssembly (181ms)
			ExecutionOrderSort (0ms)
			DisableScriptedObjects (8ms)
			BackupInstance (0ms)
			ReleaseScriptingObjects (0ms)
			CreateAndSetChildDomain (29ms)
		EndReloadAssembly (1610ms)
			LoadAssemblies (138ms)
			RebuildTransferFunctionScriptingTraits (0ms)
			SetupTypeCache (335ms)
			ReleaseScriptCaches (1ms)
			RebuildScriptCaches (63ms)
			SetupLoadedEditorAssemblies (1052ms)
				LogAssemblyErrors (0ms)
				InitializePlatformSupportModulesInManaged (7ms)
				SetLoadedEditorAssemblies (1ms)
				RefreshPlugins (22ms)
				BeforeProcessingInitializeOnLoad (158ms)
				ProcessInitializeOnLoadAttributes (822ms)
				ProcessInitializeOnLoadMethodAttributes (31ms)
				AfterProcessingInitializeOnLoad (10ms)
				EditorAssembliesLoaded (0ms)
			ExecutionOrderSort2 (0ms)
			AwakeInstancesAfterBackupRestoration (9ms)
Platform modules already initialized, skipping
========================================================================
Worker process is ready to serve import requests
Launched and connected shader compiler UnityShaderCompiler.exe after 0.06 seconds
Refreshing native plugins compatible for Editor in 0.72 ms, found 4 plugins.
Preloading 0 native plugins for Editor in 0.00 ms.
Unloading 3574 Unused Serialized files (Serialized files now loaded: 0)
Unloading 25 unused Assets / (20.4 KB). Loaded Objects now: 4052.
Memory consumption went from 138.5 MB to 138.4 MB.
Total: 14.169000 ms (FindLiveObjects: 0.343700 ms CreateObjectMapping: 0.095100 ms MarkObjects: 13.684900 ms  DeleteObjects: 0.043900 ms)

AssetImportParameters requested are different than current active one (requested -> active):
  custom:video-decoder-ogg-theora: a1e56fd34408186e4bbccfd4996cb3dc -> 
  custom:container-muxer-webm: aa71ff27fc2769a1b78a27578f13a17b -> 
  custom:container-demuxer-webm: 4f35f7cbe854078d1ac9338744f61a02 -> 
  custom:video-encoder-webm-vp8: eb34c28f22e8b96e1ab97ce403110664 -> 
  custom:CustomObjectIndexerAttribute: bc11b3a6c3213fcdd17b65e7da85e133 -> 
  custom:audio-encoder-webm-vorbis: bf7c407c2cedff20999df2af8eb42d56 -> 
  custom:framework-win-MediaFoundation: 216162199b28c13a410421893ffa2e32 -> 
  custom:SearchIndexIgnoredProperties: e643bd26f0fe6173181afceb89e7c659 -> 
  custom:container-demuxer-ogg: 62fdf1f143b41e24485cea50d1cbac27 -> 
  custom:video-decoder-webm-vp8: 9c59270c3fd7afecdb556c50c9e8de78 -> 
  custom:audio-decoder-ogg-vorbis: bf7c407c2cedff20999df2af8eb42d56 -> 
========================================================================
Received Import Request.
  Time since last request: 74632.590508 seconds.
  path: Assets/Chief/Weapons/mdlMUPHaloPickup.prefab
  artifactKey: Guid(633ce347946667d4788996dae7a74744) Importer(815301076,1909f56bfc062723c751e8b465ee728b)
Number of updated assets reloaded before import = 0
Start importing Assets/Chief/Weapons/mdlMUPHaloPickup.prefab using Guid(633ce347946667d4788996dae7a74744) Importer(815301076,1909f56bfc062723c751e8b465ee728b)  -> (artifact id: '26885a005023ad521eb68f3f1fddaf71') in 0.222563 seconds 
Number of asset objects unloaded after import = 281
========================================================================
Received Import Request.
  Time since last request: 0.000057 seconds.
  path: Assets/Chief/Weapons/mdlMUPHalo.prefab
  artifactKey: Guid(de43f48f363bcb44d97c3249b9a0d207) Importer(815301076,1909f56bfc062723c751e8b465ee728b)
Number of updated assets reloaded before import = 0
Start importing Assets/Chief/Weapons/mdlMUPHalo.prefab using Guid(de43f48f363bcb44d97c3249b9a0d207) Importer(815301076,1909f56bfc062723c751e8b465ee728b)  -> (artifact id: '37cd53d2cbf3cb239cdc9e4b8230c026') in 0.064950 seconds 
Number of asset objects unloaded after import = 281
========================================================================
Received Import Request.
  Time since last request: 0.000051 seconds.
  path: Assets/Chief/Weapons/mdlSMGHalo.prefab
  artifactKey: Guid(ef5c47c0f1332bd41b1250b9466e84ac) Importer(815301076,1909f56bfc062723c751e8b465ee728b)
Number of updated assets reloaded before import = 0
Start importing Assets/Chief/Weapons/mdlSMGHalo.prefab using Guid(ef5c47c0f1332bd41b1250b9466e84ac) Importer(815301076,1909f56bfc062723c751e8b465ee728b)  -> (artifact id: '10b07c10a8099482cf9a63cec76ff9d9') in 0.039620 seconds 
Number of asset objects unloaded after import = 57
========================================================================
Received Import Request.
  Time since last request: 0.000032 seconds.
  path: Assets/Chief/Weapons/mdlSMGHaloPickup.prefab
  artifactKey: Guid(e308eb453d6df484da8919a1401a0ef4) Importer(815301076,1909f56bfc062723c751e8b465ee728b)
Number of updated assets reloaded before import = 0
Start importing Assets/Chief/Weapons/mdlSMGHaloPickup.prefab using Guid(e308eb453d6df484da8919a1401a0ef4) Importer(815301076,1909f56bfc062723c751e8b465ee728b)  -> (artifact id: '7e4877b6edb529ca42bccd13a0ab1e5b') in 0.041432 seconds 
Number of asset objects unloaded after import = 58
========================================================================
Received Import Request.
  Time since last request: 16.947146 seconds.
  path: Assets/Chief/Weapons/mdlShotgunHaloPickup.prefab
  artifactKey: Guid(cd26babeb9c441f40987e33066792e9a) Importer(815301076,1909f56bfc062723c751e8b465ee728b)
Number of updated assets reloaded before import = 0
Start importing Assets/Chief/Weapons/mdlShotgunHaloPickup.prefab using Guid(cd26babeb9c441f40987e33066792e9a) Importer(815301076,1909f56bfc062723c751e8b465ee728b)  -> (artifact id: '6640bcc40f1329bbc2d4d243f268f4bf') in 0.032586 seconds 
Number of asset objects unloaded after import = 15
========================================================================
Received Import Request.
  Time since last request: 21.933981 seconds.
  path: Assets/Hunk/mdlHunk.prefab
  artifactKey: Guid(5826db353d437ad4e87165d26bfa65e6) Importer(815301076,1909f56bfc062723c751e8b465ee728b)
Number of updated assets reloaded before import = 0
Start importing Assets/Hunk/mdlHunk.prefab using Guid(5826db353d437ad4e87165d26bfa65e6) Importer(815301076,1909f56bfc062723c751e8b465ee728b)  -> (artifact id: '54a36ad282ab74a84222ddb9711f697c') in 3.481805 seconds 
Number of asset objects unloaded after import = 1409
========================================================================
Received Import Request.
  Time since last request: 122.380794 seconds.
  path: Assets/Chief/FBX/UNSC Shotgun.fbx
  artifactKey: Guid(beeb7024da64a834587de2f2c741a6f0) Importer(815301076,1909f56bfc062723c751e8b465ee728b)
Number of updated assets reloaded before import = 0
Start importing Assets/Chief/FBX/UNSC Shotgun.fbx using Guid(beeb7024da64a834587de2f2c741a6f0) Importer(815301076,1909f56bfc062723c751e8b465ee728b)  -> (artifact id: '33d2b0cccc68f34c6a4a0c2fd2619238') in 0.090986 seconds 
Number of asset objects unloaded after import = 41
========================================================================
Received Prepare
Refreshing native plugins compatible for Editor in 6.09 ms, found 4 plugins.
Preloading 0 native plugins for Editor in 0.00 ms.
Unloading 19 Unused Serialized files (Serialized files now loaded: 0)
Unloading 23 unused Assets / (24.4 KB). Loaded Objects now: 4066.
Memory consumption went from 87.1 MB to 87.1 MB.
Total: 15.046100 ms (FindLiveObjects: 0.399200 ms CreateObjectMapping: 0.133600 ms MarkObjects: 14.430100 ms  DeleteObjects: 0.082000 ms)

AssetImportParameters requested are different than current active one (requested -> active):
  custom:video-decoder-ogg-theora: a1e56fd34408186e4bbccfd4996cb3dc -> 
  custom:container-muxer-webm: aa71ff27fc2769a1b78a27578f13a17b -> 
  custom:container-demuxer-webm: 4f35f7cbe854078d1ac9338744f61a02 -> 
  custom:video-encoder-webm-vp8: eb34c28f22e8b96e1ab97ce403110664 -> 
  custom:CustomObjectIndexerAttribute: bc11b3a6c3213fcdd17b65e7da85e133 -> 
  custom:audio-encoder-webm-vorbis: bf7c407c2cedff20999df2af8eb42d56 -> 
  custom:framework-win-MediaFoundation: 216162199b28c13a410421893ffa2e32 -> 
  custom:SearchIndexIgnoredProperties: e643bd26f0fe6173181afceb89e7c659 -> 
  custom:container-demuxer-ogg: 62fdf1f143b41e24485cea50d1cbac27 -> 
  custom:video-decoder-webm-vp8: 9c59270c3fd7afecdb556c50c9e8de78 -> 
  custom:audio-decoder-ogg-vorbis: bf7c407c2cedff20999df2af8eb42d56 -> 
========================================================================
Received Import Request.
  Time since last request: 90.567496 seconds.
  path: Assets/Chief/Weapons/mdlAssaultRifleUNSCPickup.prefab
  artifactKey: Guid(6ee2756928c524f498aeadfb44d68e6d) Importer(815301076,1909f56bfc062723c751e8b465ee728b)
Number of updated assets reloaded before import = 0
Start importing Assets/Chief/Weapons/mdlAssaultRifleUNSCPickup.prefab using Guid(6ee2756928c524f498aeadfb44d68e6d) Importer(815301076,1909f56bfc062723c751e8b465ee728b)  -> (artifact id: '192ca908f7554984efc7244bd24ceac6') in 0.035099 seconds 
Number of asset objects unloaded after import = 37
========================================================================
Received Import Request.
  Time since last request: 0.000047 seconds.
  path: Assets/Chief/Weapons/mdlShotgunHalo.prefab
  artifactKey: Guid(7b88ddf90235cd84fbb271c5b91b4eef) Importer(815301076,1909f56bfc062723c751e8b465ee728b)
Number of updated assets reloaded before import = 0
Start importing Assets/Chief/Weapons/mdlShotgunHalo.prefab using Guid(7b88ddf90235cd84fbb271c5b91b4eef) Importer(815301076,1909f56bfc062723c751e8b465ee728b)  -> (artifact id: 'a2c29b994e09fb6f95521f44fe10c2d6') in 0.032315 seconds 
Number of asset objects unloaded after import = 17
========================================================================
Received Import Request.
  Time since last request: 0.000046 seconds.
  path: Assets/Chief/Weapons/mdlMUPHalo.prefab
  artifactKey: Guid(de43f48f363bcb44d97c3249b9a0d207) Importer(815301076,1909f56bfc062723c751e8b465ee728b)
Number of updated assets reloaded before import = 0
Start importing Assets/Chief/Weapons/mdlMUPHalo.prefab using Guid(de43f48f363bcb44d97c3249b9a0d207) Importer(815301076,1909f56bfc062723c751e8b465ee728b)  -> (artifact id: 'c3ea56760045ddc22070194168361b4b') in 0.066744 seconds 
Number of asset objects unloaded after import = 281
========================================================================
Received Import Request.
  Time since last request: 0.000027 seconds.
  path: Assets/Chief/Weapons/mdlSMGHaloPickup.prefab
  artifactKey: Guid(e308eb453d6df484da8919a1401a0ef4) Importer(815301076,1909f56bfc062723c751e8b465ee728b)
Number of updated assets reloaded before import = 0
Start importing Assets/Chief/Weapons/mdlSMGHaloPickup.prefab using Guid(e308eb453d6df484da8919a1401a0ef4) Importer(815301076,1909f56bfc062723c751e8b465ee728b)  -> (artifact id: 'a1046ac6fb5fb0068969bd79701d9d85') in 0.034341 seconds 
Number of asset objects unloaded after import = 58
